The target system is: Generic -  - arm
The host system is: Linux - 6.5.0-1021-azure - x86_64
Compiling the C compiler identification source file "CMakeCCompilerId.c" succeeded.
Compiler: /opt/st/stm32cubeclt_1.15.1/GNU-tools-for-STM32/bin/arm-none-eabi-gcc 
Build flags: -fdata-sections;-ffunction-sections;-Wl,--gc-sections
Id flags: -c 

The output was:
0


Compilation of the C compiler identification source "CMakeCCompilerId.c" produced "CMakeCCompilerId.o"

The C compiler identification is GNU, found in "/workspaces/stm32f103c8t6-vscode-project/stm32f103c8t6-project/build/debug/CMakeFiles/3.16.3/CompilerIdC/CMakeCCompilerId.o"

Compiling the CXX compiler identification source file "CMakeCXXCompilerId.cpp" succeeded.
Compiler: /opt/st/stm32cubeclt_1.15.1/GNU-tools-for-STM32/bin/arm-none-eabi-g++ 
Build flags: -fdata-sections;-ffunction-sections;-Wl,--gc-sections;-fno-rtti;-fno-exceptions;-fno-threadsafe-statics
Id flags: -c 

The output was:
0


Compilation of the CXX compiler identification source "CMakeCXXCompilerId.cpp" produced "CMakeCXXCompilerId.o"

The CXX compiler identification is GNU, found in "/workspaces/stm32f103c8t6-vscode-project/stm32f103c8t6-project/build/debug/CMakeFiles/3.16.3/CompilerIdCXX/CMakeCXXCompilerId.o"

Determining if the C compiler works passed with the following output:
Change Dir: /workspaces/stm32f103c8t6-vscode-project/stm32f103c8t6-project/build/debug/CMakeFiles/CMakeTmp

Run Build Command(s):/usr/bin/make cmTC_55630/fast && /usr/bin/make -f CMakeFiles/cmTC_55630.dir/build.make CMakeFiles/cmTC_55630.dir/build
make[1]: Entering directory '/workspaces/stm32f103c8t6-vscode-project/stm32f103c8t6-project/build/debug/CMakeFiles/CMakeTmp'
Building C object CMakeFiles/cmTC_55630.dir/testCCompiler.c.obj
/opt/st/stm32cubeclt_1.15.1/GNU-tools-for-STM32/bin/arm-none-eabi-gcc   -fdata-sections -ffunction-sections -Wl,--gc-sections    -o CMakeFiles/cmTC_55630.dir/testCCompiler.c.obj   -c /workspaces/stm32f103c8t6-vscode-project/stm32f103c8t6-project/build/debug/CMakeFiles/CMakeTmp/testCCompiler.c
Linking C static library libcmTC_55630.a
/usr/bin/cmake -P CMakeFiles/cmTC_55630.dir/cmake_clean_target.cmake
/usr/bin/cmake -E cmake_link_script CMakeFiles/cmTC_55630.dir/link.txt --verbose=1
/usr/bin/ar qc libcmTC_55630.a  CMakeFiles/cmTC_55630.dir/testCCompiler.c.obj
/usr/bin/ranlib libcmTC_55630.a
make[1]: Leaving directory '/workspaces/stm32f103c8t6-vscode-project/stm32f103c8t6-project/build/debug/CMakeFiles/CMakeTmp'



Detecting C compiler ABI info compiled with the following output:
Change Dir: /workspaces/stm32f103c8t6-vscode-project/stm32f103c8t6-project/build/debug/CMakeFiles/CMakeTmp

Run Build Command(s):/usr/bin/make cmTC_b0b34/fast && /usr/bin/make -f CMakeFiles/cmTC_b0b34.dir/build.make CMakeFiles/cmTC_b0b34.dir/build
make[1]: Entering directory '/workspaces/stm32f103c8t6-vscode-project/stm32f103c8t6-project/build/debug/CMakeFiles/CMakeTmp'
Building C object CMakeFiles/cmTC_b0b34.dir/CMakeCCompilerABI.c.obj
/opt/st/stm32cubeclt_1.15.1/GNU-tools-for-STM32/bin/arm-none-eabi-gcc   -fdata-sections -ffunction-sections -Wl,--gc-sections    -v -o CMakeFiles/cmTC_b0b34.dir/CMakeCCompilerABI.c.obj   -c /usr/share/cmake-3.16/Modules/CMakeCCompilerABI.c
Using built-in specs.
COLLECT_GCC=/opt/st/stm32cubeclt_1.15.1/GNU-tools-for-STM32/bin/arm-none-eabi-gcc
Target: arm-none-eabi
Configured with: /build/gnu-tools-for-stm32_12.3.rel1.20240306-1730/src/gcc/configure --target=arm-none-eabi --prefix=/build/gnu-tools-for-stm32_12.3.rel1.20240306-1730/install-native --libexecdir=/build/gnu-tools-for-stm32_12.3.rel1.20240306-1730/install-native/lib --infodir=/build/gnu-tools-for-stm32_12.3.rel1.20240306-1730/install-native/share/doc/gcc-arm-none-eabi/info --mandir=/build/gnu-tools-for-stm32_12.3.rel1.20240306-1730/install-native/share/doc/gcc-arm-none-eabi/man --htmldir=/build/gnu-tools-for-stm32_12.3.rel1.20240306-1730/install-native/share/doc/gcc-arm-none-eabi/html --pdfdir=/build/gnu-tools-for-stm32_12.3.rel1.20240306-1730/install-native/share/doc/gcc-arm-none-eabi/pdf --enable-languages=c,c++ --enable-plugins --disable-decimal-float --disable-libffi --disable-libgomp --disable-libmudflap --disable-libquadmath --disable-libssp --disable-libstdcxx-pch --disable-nls --disable-shared --disable-threads --disable-tls --with-gnu-as --with-gnu-ld --with-newlib --with-headers=yes --with-python-dir=share/gcc-arm-none-eabi --with-sysroot=/build/gnu-tools-for-stm32_12.3.rel1.20240306-1730/install-native/arm-none-eabi --with-zstd=no --build=x86_64-linux-gnu --host=x86_64-linux-gnu --with-gmp=/build/gnu-tools-for-stm32_12.3.rel1.20240306-1730/build-native/host-libs/usr --with-mpfr=/build/gnu-tools-for-stm32_12.3.rel1.20240306-1730/build-native/host-libs/usr --with-mpc=/build/gnu-tools-for-stm32_12.3.rel1.20240306-1730/build-native/host-libs/usr --with-isl=/build/gnu-tools-for-stm32_12.3.rel1.20240306-1730/build-native/host-libs/usr --with-host-libstdcxx='-static-libgcc -Wl,-Bstatic,-lstdc++,-Bdynamic -lm' --with-pkgversion='GNU Tools for STM32 12.3.rel1.20240306-1730' --with-multilib-list=rmprofile,aprofile
Thread model: single
Supported LTO compression algorithms: zlib
gcc version 12.3.1 20230626 (GNU Tools for STM32 12.3.rel1.20240306-1730) 
COLLECT_GCC_OPTIONS='-fdata-sections' '-ffunction-sections' '-v' '-o' 'CMakeFiles/cmTC_b0b34.dir/CMakeCCompilerABI.c.obj' '-c' '-mcpu=arm7tdmi' '-mfloat-abi=soft' '-marm' '-mlibarch=armv4t' '-march=armv4t' '-dumpdir' 'CMakeFiles/cmTC_b0b34.dir/'
 /opt/st/stm32cubeclt_1.15.1/GNU-tools-for-STM32/bin/../lib/gcc/arm-none-eabi/12.3.1/cc1 -quiet -v -iprefix /opt/st/stm32cubeclt_1.15.1/GNU-tools-for-STM32/bin/../lib/gcc/arm-none-eabi/12.3.1/ -isysroot /opt/st/stm32cubeclt_1.15.1/GNU-tools-for-STM32/bin/../arm-none-eabi -D__USES_INITFINI__ /usr/share/cmake-3.16/Modules/CMakeCCompilerABI.c -quiet -dumpdir CMakeFiles/cmTC_b0b34.dir/ -dumpbase CMakeCCompilerABI.c.c -dumpbase-ext .c -mcpu=arm7tdmi -mfloat-abi=soft -marm -mlibarch=armv4t -march=armv4t -version -fdata-sections -ffunction-sections -o /tmp/ccvqSbLp.s
GNU C17 (GNU Tools for STM32 12.3.rel1.20240306-1730) version 12.3.1 20230626 (arm-none-eabi)
	compiled by GNU C version 7.5.0, GMP version 6.2.1, MPFR version 3.1.6, MPC version 1.0.3, isl version isl-0.15-1-g835ea3a-GMP

GGC heuristics: --param ggc-min-expand=100 --param ggc-min-heapsize=131072
ignoring duplicate directory "/opt/st/stm32cubeclt_1.15.1/GNU-tools-for-STM32/bin/../lib/gcc/../../lib/gcc/arm-none-eabi/12.3.1/include"
ignoring nonexistent directory "/opt/st/stm32cubeclt_1.15.1/GNU-tools-for-STM32/bin/../arm-none-eabi/usr/local/include"
ignoring duplicate directory "/opt/st/stm32cubeclt_1.15.1/GNU-tools-for-STM32/bin/../lib/gcc/../../lib/gcc/arm-none-eabi/12.3.1/include-fixed"
ignoring duplicate directory "/opt/st/stm32cubeclt_1.15.1/GNU-tools-for-STM32/bin/../lib/gcc/../../lib/gcc/arm-none-eabi/12.3.1/../../../../arm-none-eabi/include"
ignoring nonexistent directory "/opt/st/stm32cubeclt_1.15.1/GNU-tools-for-STM32/bin/../arm-none-eabi/usr/include"
#include "..." search starts here:
#include <...> search starts here:
 /opt/st/stm32cubeclt_1.15.1/GNU-tools-for-STM32/bin/../lib/gcc/arm-none-eabi/12.3.1/include
 /opt/st/stm32cubeclt_1.15.1/GNU-tools-for-STM32/bin/../lib/gcc/arm-none-eabi/12.3.1/include-fixed
 /opt/st/stm32cubeclt_1.15.1/GNU-tools-for-STM32/bin/../lib/gcc/arm-none-eabi/12.3.1/../../../../arm-none-eabi/include
End of search list.
GNU C17 (GNU Tools for STM32 12.3.rel1.20240306-1730) version 12.3.1 20230626 (arm-none-eabi)
	compiled by GNU C version 7.5.0, GMP version 6.2.1, MPFR version 3.1.6, MPC version 1.0.3, isl version isl-0.15-1-g835ea3a-GMP

GGC heuristics: --param ggc-min-expand=100 --param ggc-min-heapsize=131072
Compiler executable checksum: c1511c7251cc6a2bd7965e93d3338b65
COLLECT_GCC_OPTIONS='-fdata-sections' '-ffunction-sections' '-v' '-o' 'CMakeFiles/cmTC_b0b34.dir/CMakeCCompilerABI.c.obj' '-c' '-mcpu=arm7tdmi' '-mfloat-abi=soft' '-marm' '-mlibarch=armv4t' '-march=armv4t' '-dumpdir' 'CMakeFiles/cmTC_b0b34.dir/'
 /opt/st/stm32cubeclt_1.15.1/GNU-tools-for-STM32/bin/../lib/gcc/arm-none-eabi/12.3.1/../../../../arm-none-eabi/bin/as -v -march=armv4t -mfloat-abi=soft -meabi=5 -o CMakeFiles/cmTC_b0b34.dir/CMakeCCompilerABI.c.obj /tmp/ccvqSbLp.s
GNU assembler version 2.40.0 (arm-none-eabi) using BFD version (GNU Tools for STM32 12.3.rel1.20240306-1730) 2.40.0.20230627
COMPILER_PATH=/opt/st/stm32cubeclt_1.15.1/GNU-tools-for-STM32/bin/../lib/gcc/arm-none-eabi/12.3.1/:/opt/st/stm32cubeclt_1.15.1/GNU-tools-for-STM32/bin/../lib/gcc/:/opt/st/stm32cubeclt_1.15.1/GNU-tools-for-STM32/bin/../lib/gcc/arm-none-eabi/12.3.1/../../../../arm-none-eabi/bin/
LIBRARY_PATH=/opt/st/stm32cubeclt_1.15.1/GNU-tools-for-STM32/bin/../lib/gcc/arm-none-eabi/12.3.1/:/opt/st/stm32cubeclt_1.15.1/GNU-tools-for-STM32/bin/../lib/gcc/:/opt/st/stm32cubeclt_1.15.1/GNU-tools-for-STM32/bin/../lib/gcc/arm-none-eabi/12.3.1/../../../../arm-none-eabi/lib/:/opt/st/stm32cubeclt_1.15.1/GNU-tools-for-STM32/bin/../arm-none-eabi/lib/
COLLECT_GCC_OPTIONS='-fdata-sections' '-ffunction-sections' '-v' '-o' 'CMakeFiles/cmTC_b0b34.dir/CMakeCCompilerABI.c.obj' '-c' '-mcpu=arm7tdmi' '-mfloat-abi=soft' '-marm' '-mlibarch=armv4t' '-march=armv4t' '-dumpdir' 'CMakeFiles/cmTC_b0b34.dir/CMakeCCompilerABI.c.'
Linking C static library libcmTC_b0b34.a
/usr/bin/cmake -P CMakeFiles/cmTC_b0b34.dir/cmake_clean_target.cmake
/usr/bin/cmake -E cmake_link_script CMakeFiles/cmTC_b0b34.dir/link.txt --verbose=1
/usr/bin/ar qc libcmTC_b0b34.a  CMakeFiles/cmTC_b0b34.dir/CMakeCCompilerABI.c.obj
/usr/bin/ranlib libcmTC_b0b34.a
make[1]: Leaving directory '/workspaces/stm32f103c8t6-vscode-project/stm32f103c8t6-project/build/debug/CMakeFiles/CMakeTmp'



Parsed C implicit include dir info from above output: rv=done
  found start of include info
  found start of implicit include info
    add: [/opt/st/stm32cubeclt_1.15.1/GNU-tools-for-STM32/bin/../lib/gcc/arm-none-eabi/12.3.1/include]
    add: [/opt/st/stm32cubeclt_1.15.1/GNU-tools-for-STM32/bin/../lib/gcc/arm-none-eabi/12.3.1/include-fixed]
    add: [/opt/st/stm32cubeclt_1.15.1/GNU-tools-for-STM32/bin/../lib/gcc/arm-none-eabi/12.3.1/../../../../arm-none-eabi/include]
  end of search list found
  collapse include dir [/opt/st/stm32cubeclt_1.15.1/GNU-tools-for-STM32/bin/../lib/gcc/arm-none-eabi/12.3.1/include] ==> [/opt/st/stm32cubeclt_1.15.1/GNU-tools-for-STM32/lib/gcc/arm-none-eabi/12.3.1/include]
  collapse include dir [/opt/st/stm32cubeclt_1.15.1/GNU-tools-for-STM32/bin/../lib/gcc/arm-none-eabi/12.3.1/include-fixed] ==> [/opt/st/stm32cubeclt_1.15.1/GNU-tools-for-STM32/lib/gcc/arm-none-eabi/12.3.1/include-fixed]
  collapse include dir [/opt/st/stm32cubeclt_1.15.1/GNU-tools-for-STM32/bin/../lib/gcc/arm-none-eabi/12.3.1/../../../../arm-none-eabi/include] ==> [/opt/st/stm32cubeclt_1.15.1/GNU-tools-for-STM32/arm-none-eabi/include]
  implicit include dirs: [/opt/st/stm32cubeclt_1.15.1/GNU-tools-for-STM32/lib/gcc/arm-none-eabi/12.3.1/include;/opt/st/stm32cubeclt_1.15.1/GNU-tools-for-STM32/lib/gcc/arm-none-eabi/12.3.1/include-fixed;/opt/st/stm32cubeclt_1.15.1/GNU-tools-for-STM32/arm-none-eabi/include]


Parsed C implicit link information from above output:
  link line regex: [^( *|.*[/\])(ld|CMAKE_LINK_STARTFILE-NOTFOUND|([^/\]+-)?ld|collect2)[^/\]*( |$)]
  ignore line: [Change Dir: /workspaces/stm32f103c8t6-vscode-project/stm32f103c8t6-project/build/debug/CMakeFiles/CMakeTmp]
  ignore line: []
  ignore line: [Run Build Command(s):/usr/bin/make cmTC_b0b34/fast && /usr/bin/make -f CMakeFiles/cmTC_b0b34.dir/build.make CMakeFiles/cmTC_b0b34.dir/build]
  ignore line: [make[1]: Entering directory '/workspaces/stm32f103c8t6-vscode-project/stm32f103c8t6-project/build/debug/CMakeFiles/CMakeTmp']
  ignore line: [Building C object CMakeFiles/cmTC_b0b34.dir/CMakeCCompilerABI.c.obj]
  ignore line: [/opt/st/stm32cubeclt_1.15.1/GNU-tools-for-STM32/bin/arm-none-eabi-gcc   -fdata-sections -ffunction-sections -Wl --gc-sections    -v -o CMakeFiles/cmTC_b0b34.dir/CMakeCCompilerABI.c.obj   -c /usr/share/cmake-3.16/Modules/CMakeCCompilerABI.c]
  ignore line: [Using built-in specs.]
  ignore line: [COLLECT_GCC=/opt/st/stm32cubeclt_1.15.1/GNU-tools-for-STM32/bin/arm-none-eabi-gcc]
  ignore line: [Target: arm-none-eabi]
  ignore line: [Configured with: /build/gnu-tools-for-stm32_12.3.rel1.20240306-1730/src/gcc/configure --target=arm-none-eabi --prefix=/build/gnu-tools-for-stm32_12.3.rel1.20240306-1730/install-native --libexecdir=/build/gnu-tools-for-stm32_12.3.rel1.20240306-1730/install-native/lib --infodir=/build/gnu-tools-for-stm32_12.3.rel1.20240306-1730/install-native/share/doc/gcc-arm-none-eabi/info --mandir=/build/gnu-tools-for-stm32_12.3.rel1.20240306-1730/install-native/share/doc/gcc-arm-none-eabi/man --htmldir=/build/gnu-tools-for-stm32_12.3.rel1.20240306-1730/install-native/share/doc/gcc-arm-none-eabi/html --pdfdir=/build/gnu-tools-for-stm32_12.3.rel1.20240306-1730/install-native/share/doc/gcc-arm-none-eabi/pdf --enable-languages=c,c++ --enable-plugins --disable-decimal-float --disable-libffi --disable-libgomp --disable-libmudflap --disable-libquadmath --disable-libssp --disable-libstdcxx-pch --disable-nls --disable-shared --disable-threads --disable-tls --with-gnu-as --with-gnu-ld --with-newlib --with-headers=yes --with-python-dir=share/gcc-arm-none-eabi --with-sysroot=/build/gnu-tools-for-stm32_12.3.rel1.20240306-1730/install-native/arm-none-eabi --with-zstd=no --build=x86_64-linux-gnu --host=x86_64-linux-gnu --with-gmp=/build/gnu-tools-for-stm32_12.3.rel1.20240306-1730/build-native/host-libs/usr --with-mpfr=/build/gnu-tools-for-stm32_12.3.rel1.20240306-1730/build-native/host-libs/usr --with-mpc=/build/gnu-tools-for-stm32_12.3.rel1.20240306-1730/build-native/host-libs/usr --with-isl=/build/gnu-tools-for-stm32_12.3.rel1.20240306-1730/build-native/host-libs/usr --with-host-libstdcxx='-static-libgcc -Wl,-Bstatic,-lstdc++,-Bdynamic -lm' --with-pkgversion='GNU Tools for STM32 12.3.rel1.20240306-1730' --with-multilib-list=rmprofile,aprofile]
  ignore line: [Thread model: single]
  ignore line: [Supported LTO compression algorithms: zlib]
  ignore line: [gcc version 12.3.1 20230626 (GNU Tools for STM32 12.3.rel1.20240306-1730) ]
  ignore line: [COLLECT_GCC_OPTIONS='-fdata-sections' '-ffunction-sections' '-v' '-o' 'CMakeFiles/cmTC_b0b34.dir/CMakeCCompilerABI.c.obj' '-c' '-mcpu=arm7tdmi' '-mfloat-abi=soft' '-marm' '-mlibarch=armv4t' '-march=armv4t' '-dumpdir' 'CMakeFiles/cmTC_b0b34.dir/']
  ignore line: [ /opt/st/stm32cubeclt_1.15.1/GNU-tools-for-STM32/bin/../lib/gcc/arm-none-eabi/12.3.1/cc1 -quiet -v -iprefix /opt/st/stm32cubeclt_1.15.1/GNU-tools-for-STM32/bin/../lib/gcc/arm-none-eabi/12.3.1/ -isysroot /opt/st/stm32cubeclt_1.15.1/GNU-tools-for-STM32/bin/../arm-none-eabi -D__USES_INITFINI__ /usr/share/cmake-3.16/Modules/CMakeCCompilerABI.c -quiet -dumpdir CMakeFiles/cmTC_b0b34.dir/ -dumpbase CMakeCCompilerABI.c.c -dumpbase-ext .c -mcpu=arm7tdmi -mfloat-abi=soft -marm -mlibarch=armv4t -march=armv4t -version -fdata-sections -ffunction-sections -o /tmp/ccvqSbLp.s]
  ignore line: [GNU C17 (GNU Tools for STM32 12.3.rel1.20240306-1730) version 12.3.1 20230626 (arm-none-eabi)]
  ignore line: [	compiled by GNU C version 7.5.0  GMP version 6.2.1  MPFR version 3.1.6  MPC version 1.0.3  isl version isl-0.15-1-g835ea3a-GMP]
  ignore line: []
  ignore line: [GGC heuristics: --param ggc-min-expand=100 --param ggc-min-heapsize=131072]
  ignore line: [ignoring duplicate directory "/opt/st/stm32cubeclt_1.15.1/GNU-tools-for-STM32/bin/../lib/gcc/../../lib/gcc/arm-none-eabi/12.3.1/include"]
  ignore line: [ignoring nonexistent directory "/opt/st/stm32cubeclt_1.15.1/GNU-tools-for-STM32/bin/../arm-none-eabi/usr/local/include"]
  ignore line: [ignoring duplicate directory "/opt/st/stm32cubeclt_1.15.1/GNU-tools-for-STM32/bin/../lib/gcc/../../lib/gcc/arm-none-eabi/12.3.1/include-fixed"]
  ignore line: [ignoring duplicate directory "/opt/st/stm32cubeclt_1.15.1/GNU-tools-for-STM32/bin/../lib/gcc/../../lib/gcc/arm-none-eabi/12.3.1/../../../../arm-none-eabi/include"]
  ignore line: [ignoring nonexistent directory "/opt/st/stm32cubeclt_1.15.1/GNU-tools-for-STM32/bin/../arm-none-eabi/usr/include"]
  ignore line: [#include "..." search starts here:]
  ignore line: [#include <...> search starts here:]
  ignore line: [ /opt/st/stm32cubeclt_1.15.1/GNU-tools-for-STM32/bin/../lib/gcc/arm-none-eabi/12.3.1/include]
  ignore line: [ /opt/st/stm32cubeclt_1.15.1/GNU-tools-for-STM32/bin/../lib/gcc/arm-none-eabi/12.3.1/include-fixed]
  ignore line: [ /opt/st/stm32cubeclt_1.15.1/GNU-tools-for-STM32/bin/../lib/gcc/arm-none-eabi/12.3.1/../../../../arm-none-eabi/include]
  ignore line: [End of search list.]
  ignore line: [GNU C17 (GNU Tools for STM32 12.3.rel1.20240306-1730) version 12.3.1 20230626 (arm-none-eabi)]
  ignore line: [	compiled by GNU C version 7.5.0  GMP version 6.2.1  MPFR version 3.1.6  MPC version 1.0.3  isl version isl-0.15-1-g835ea3a-GMP]
  ignore line: []
  ignore line: [GGC heuristics: --param ggc-min-expand=100 --param ggc-min-heapsize=131072]
  ignore line: [Compiler executable checksum: c1511c7251cc6a2bd7965e93d3338b65]
  ignore line: [COLLECT_GCC_OPTIONS='-fdata-sections' '-ffunction-sections' '-v' '-o' 'CMakeFiles/cmTC_b0b34.dir/CMakeCCompilerABI.c.obj' '-c' '-mcpu=arm7tdmi' '-mfloat-abi=soft' '-marm' '-mlibarch=armv4t' '-march=armv4t' '-dumpdir' 'CMakeFiles/cmTC_b0b34.dir/']
  ignore line: [ /opt/st/stm32cubeclt_1.15.1/GNU-tools-for-STM32/bin/../lib/gcc/arm-none-eabi/12.3.1/../../../../arm-none-eabi/bin/as -v -march=armv4t -mfloat-abi=soft -meabi=5 -o CMakeFiles/cmTC_b0b34.dir/CMakeCCompilerABI.c.obj /tmp/ccvqSbLp.s]
  ignore line: [GNU assembler version 2.40.0 (arm-none-eabi) using BFD version (GNU Tools for STM32 12.3.rel1.20240306-1730) 2.40.0.20230627]
  ignore line: [COMPILER_PATH=/opt/st/stm32cubeclt_1.15.1/GNU-tools-for-STM32/bin/../lib/gcc/arm-none-eabi/12.3.1/:/opt/st/stm32cubeclt_1.15.1/GNU-tools-for-STM32/bin/../lib/gcc/:/opt/st/stm32cubeclt_1.15.1/GNU-tools-for-STM32/bin/../lib/gcc/arm-none-eabi/12.3.1/../../../../arm-none-eabi/bin/]
  ignore line: [LIBRARY_PATH=/opt/st/stm32cubeclt_1.15.1/GNU-tools-for-STM32/bin/../lib/gcc/arm-none-eabi/12.3.1/:/opt/st/stm32cubeclt_1.15.1/GNU-tools-for-STM32/bin/../lib/gcc/:/opt/st/stm32cubeclt_1.15.1/GNU-tools-for-STM32/bin/../lib/gcc/arm-none-eabi/12.3.1/../../../../arm-none-eabi/lib/:/opt/st/stm32cubeclt_1.15.1/GNU-tools-for-STM32/bin/../arm-none-eabi/lib/]
  ignore line: [COLLECT_GCC_OPTIONS='-fdata-sections' '-ffunction-sections' '-v' '-o' 'CMakeFiles/cmTC_b0b34.dir/CMakeCCompilerABI.c.obj' '-c' '-mcpu=arm7tdmi' '-mfloat-abi=soft' '-marm' '-mlibarch=armv4t' '-march=armv4t' '-dumpdir' 'CMakeFiles/cmTC_b0b34.dir/CMakeCCompilerABI.c.']
  ignore line: [Linking C static library libcmTC_b0b34.a]
  ignore line: [/usr/bin/cmake -P CMakeFiles/cmTC_b0b34.dir/cmake_clean_target.cmake]
  ignore line: [/usr/bin/cmake -E cmake_link_script CMakeFiles/cmTC_b0b34.dir/link.txt --verbose=1]
  ignore line: [/usr/bin/ar qc libcmTC_b0b34.a  CMakeFiles/cmTC_b0b34.dir/CMakeCCompilerABI.c.obj]
  ignore line: [/usr/bin/ranlib libcmTC_b0b34.a]
  ignore line: [make[1]: Leaving directory '/workspaces/stm32f103c8t6-vscode-project/stm32f103c8t6-project/build/debug/CMakeFiles/CMakeTmp']
  ignore line: []
  ignore line: []
  implicit libs: []
  implicit dirs: []
  implicit fwks: []


Determining if the CXX compiler works passed with the following output:
Change Dir: /workspaces/stm32f103c8t6-vscode-project/stm32f103c8t6-project/build/debug/CMakeFiles/CMakeTmp

Run Build Command(s):/usr/bin/make cmTC_53420/fast && /usr/bin/make -f CMakeFiles/cmTC_53420.dir/build.make CMakeFiles/cmTC_53420.dir/build
make[1]: Entering directory '/workspaces/stm32f103c8t6-vscode-project/stm32f103c8t6-project/build/debug/CMakeFiles/CMakeTmp'
Building CXX object CMakeFiles/cmTC_53420.dir/testCXXCompiler.cxx.obj
/opt/st/stm32cubeclt_1.15.1/GNU-tools-for-STM32/bin/arm-none-eabi-g++    -fdata-sections -ffunction-sections -Wl,--gc-sections -fno-rtti -fno-exceptions -fno-threadsafe-statics    -o CMakeFiles/cmTC_53420.dir/testCXXCompiler.cxx.obj -c /workspaces/stm32f103c8t6-vscode-project/stm32f103c8t6-project/build/debug/CMakeFiles/CMakeTmp/testCXXCompiler.cxx
Linking CXX static library libcmTC_53420.a
/usr/bin/cmake -P CMakeFiles/cmTC_53420.dir/cmake_clean_target.cmake
/usr/bin/cmake -E cmake_link_script CMakeFiles/cmTC_53420.dir/link.txt --verbose=1
/usr/bin/ar qc libcmTC_53420.a  CMakeFiles/cmTC_53420.dir/testCXXCompiler.cxx.obj
/usr/bin/ranlib libcmTC_53420.a
make[1]: Leaving directory '/workspaces/stm32f103c8t6-vscode-project/stm32f103c8t6-project/build/debug/CMakeFiles/CMakeTmp'



Detecting CXX compiler ABI info compiled with the following output:
Change Dir: /workspaces/stm32f103c8t6-vscode-project/stm32f103c8t6-project/build/debug/CMakeFiles/CMakeTmp

Run Build Command(s):/usr/bin/make cmTC_e942b/fast && /usr/bin/make -f CMakeFiles/cmTC_e942b.dir/build.make CMakeFiles/cmTC_e942b.dir/build
make[1]: Entering directory '/workspaces/stm32f103c8t6-vscode-project/stm32f103c8t6-project/build/debug/CMakeFiles/CMakeTmp'
Building CXX object CMakeFiles/cmTC_e942b.dir/CMakeCXXCompilerABI.cpp.obj
/opt/st/stm32cubeclt_1.15.1/GNU-tools-for-STM32/bin/arm-none-eabi-g++    -fdata-sections -ffunction-sections -Wl,--gc-sections -fno-rtti -fno-exceptions -fno-threadsafe-statics    -v -o CMakeFiles/cmTC_e942b.dir/CMakeCXXCompilerABI.cpp.obj -c /usr/share/cmake-3.16/Modules/CMakeCXXCompilerABI.cpp
Using built-in specs.
COLLECT_GCC=/opt/st/stm32cubeclt_1.15.1/GNU-tools-for-STM32/bin/arm-none-eabi-g++
Target: arm-none-eabi
Configured with: /build/gnu-tools-for-stm32_12.3.rel1.20240306-1730/src/gcc/configure --target=arm-none-eabi --prefix=/build/gnu-tools-for-stm32_12.3.rel1.20240306-1730/install-native --libexecdir=/build/gnu-tools-for-stm32_12.3.rel1.20240306-1730/install-native/lib --infodir=/build/gnu-tools-for-stm32_12.3.rel1.20240306-1730/install-native/share/doc/gcc-arm-none-eabi/info --mandir=/build/gnu-tools-for-stm32_12.3.rel1.20240306-1730/install-native/share/doc/gcc-arm-none-eabi/man --htmldir=/build/gnu-tools-for-stm32_12.3.rel1.20240306-1730/install-native/share/doc/gcc-arm-none-eabi/html --pdfdir=/build/gnu-tools-for-stm32_12.3.rel1.20240306-1730/install-native/share/doc/gcc-arm-none-eabi/pdf --enable-languages=c,c++ --enable-plugins --disable-decimal-float --disable-libffi --disable-libgomp --disable-libmudflap --disable-libquadmath --disable-libssp --disable-libstdcxx-pch --disable-nls --disable-shared --disable-threads --disable-tls --with-gnu-as --with-gnu-ld --with-newlib --with-headers=yes --with-python-dir=share/gcc-arm-none-eabi --with-sysroot=/build/gnu-tools-for-stm32_12.3.rel1.20240306-1730/install-native/arm-none-eabi --with-zstd=no --build=x86_64-linux-gnu --host=x86_64-linux-gnu --with-gmp=/build/gnu-tools-for-stm32_12.3.rel1.20240306-1730/build-native/host-libs/usr --with-mpfr=/build/gnu-tools-for-stm32_12.3.rel1.20240306-1730/build-native/host-libs/usr --with-mpc=/build/gnu-tools-for-stm32_12.3.rel1.20240306-1730/build-native/host-libs/usr --with-isl=/build/gnu-tools-for-stm32_12.3.rel1.20240306-1730/build-native/host-libs/usr --with-host-libstdcxx='-static-libgcc -Wl,-Bstatic,-lstdc++,-Bdynamic -lm' --with-pkgversion='GNU Tools for STM32 12.3.rel1.20240306-1730' --with-multilib-list=rmprofile,aprofile
Thread model: single
Supported LTO compression algorithms: zlib
gcc version 12.3.1 20230626 (GNU Tools for STM32 12.3.rel1.20240306-1730) 
COLLECT_GCC_OPTIONS='-fdata-sections' '-ffunction-sections' '-fno-rtti' '-fno-exceptions' '-fno-threadsafe-statics' '-v' '-o' 'CMakeFiles/cmTC_e942b.dir/CMakeCXXCompilerABI.cpp.obj' '-c' '-mcpu=arm7tdmi' '-mfloat-abi=soft' '-marm' '-mlibarch=armv4t' '-march=armv4t' '-dumpdir' 'CMakeFiles/cmTC_e942b.dir/'
 /opt/st/stm32cubeclt_1.15.1/GNU-tools-for-STM32/bin/../lib/gcc/arm-none-eabi/12.3.1/cc1plus -quiet -v -iprefix /opt/st/stm32cubeclt_1.15.1/GNU-tools-for-STM32/bin/../lib/gcc/arm-none-eabi/12.3.1/ -isysroot /opt/st/stm32cubeclt_1.15.1/GNU-tools-for-STM32/bin/../arm-none-eabi -D__USES_INITFINI__ /usr/share/cmake-3.16/Modules/CMakeCXXCompilerABI.cpp -quiet -dumpdir CMakeFiles/cmTC_e942b.dir/ -dumpbase CMakeCXXCompilerABI.cpp.cpp -dumpbase-ext .cpp -mcpu=arm7tdmi -mfloat-abi=soft -marm -mlibarch=armv4t -march=armv4t -version -fdata-sections -ffunction-sections -fno-rtti -fno-exceptions -fno-threadsafe-statics -o /tmp/cckOXxiN.s
GNU C++17 (GNU Tools for STM32 12.3.rel1.20240306-1730) version 12.3.1 20230626 (arm-none-eabi)
	compiled by GNU C version 7.5.0, GMP version 6.2.1, MPFR version 3.1.6, MPC version 1.0.3, isl version isl-0.15-1-g835ea3a-GMP

GGC heuristics: --param ggc-min-expand=100 --param ggc-min-heapsize=131072
ignoring duplicate directory "/opt/st/stm32cubeclt_1.15.1/GNU-tools-for-STM32/bin/../lib/gcc/../../lib/gcc/arm-none-eabi/12.3.1/../../../../arm-none-eabi/include/c++/12.3.1"
ignoring duplicate directory "/opt/st/stm32cubeclt_1.15.1/GNU-tools-for-STM32/bin/../lib/gcc/../../lib/gcc/arm-none-eabi/12.3.1/../../../../arm-none-eabi/include/c++/12.3.1/arm-none-eabi"
ignoring duplicate directory "/opt/st/stm32cubeclt_1.15.1/GNU-tools-for-STM32/bin/../lib/gcc/../../lib/gcc/arm-none-eabi/12.3.1/../../../../arm-none-eabi/include/c++/12.3.1/backward"
ignoring duplicate directory "/opt/st/stm32cubeclt_1.15.1/GNU-tools-for-STM32/bin/../lib/gcc/../../lib/gcc/arm-none-eabi/12.3.1/include"
ignoring nonexistent directory "/opt/st/stm32cubeclt_1.15.1/GNU-tools-for-STM32/bin/../arm-none-eabi/usr/local/include"
ignoring duplicate directory "/opt/st/stm32cubeclt_1.15.1/GNU-tools-for-STM32/bin/../lib/gcc/../../lib/gcc/arm-none-eabi/12.3.1/include-fixed"
ignoring duplicate directory "/opt/st/stm32cubeclt_1.15.1/GNU-tools-for-STM32/bin/../lib/gcc/../../lib/gcc/arm-none-eabi/12.3.1/../../../../arm-none-eabi/include"
ignoring nonexistent directory "/opt/st/stm32cubeclt_1.15.1/GNU-tools-for-STM32/bin/../arm-none-eabi/usr/include"
#include "..." search starts here:
#include <...> search starts here:
 /opt/st/stm32cubeclt_1.15.1/GNU-tools-for-STM32/bin/../lib/gcc/arm-none-eabi/12.3.1/../../../../arm-none-eabi/include/c++/12.3.1
 /opt/st/stm32cubeclt_1.15.1/GNU-tools-for-STM32/bin/../lib/gcc/arm-none-eabi/12.3.1/../../../../arm-none-eabi/include/c++/12.3.1/arm-none-eabi
 /opt/st/stm32cubeclt_1.15.1/GNU-tools-for-STM32/bin/../lib/gcc/arm-none-eabi/12.3.1/../../../../arm-none-eabi/include/c++/12.3.1/backward
 /opt/st/stm32cubeclt_1.15.1/GNU-tools-for-STM32/bin/../lib/gcc/arm-none-eabi/12.3.1/include
 /opt/st/stm32cubeclt_1.15.1/GNU-tools-for-STM32/bin/../lib/gcc/arm-none-eabi/12.3.1/include-fixed
 /opt/st/stm32cubeclt_1.15.1/GNU-tools-for-STM32/bin/../lib/gcc/arm-none-eabi/12.3.1/../../../../arm-none-eabi/include
End of search list.
GNU C++17 (GNU Tools for STM32 12.3.rel1.20240306-1730) version 12.3.1 20230626 (arm-none-eabi)
	compiled by GNU C version 7.5.0, GMP version 6.2.1, MPFR version 3.1.6, MPC version 1.0.3, isl version isl-0.15-1-g835ea3a-GMP

GGC heuristics: --param ggc-min-expand=100 --param ggc-min-heapsize=131072
Compiler executable checksum: 8405ef6b34366b08252632b79fa45f4b
COLLECT_GCC_OPTIONS='-fdata-sections' '-ffunction-sections' '-fno-rtti' '-fno-exceptions' '-fno-threadsafe-statics' '-v' '-o' 'CMakeFiles/cmTC_e942b.dir/CMakeCXXCompilerABI.cpp.obj' '-c' '-mcpu=arm7tdmi' '-mfloat-abi=soft' '-marm' '-mlibarch=armv4t' '-march=armv4t' '-dumpdir' 'CMakeFiles/cmTC_e942b.dir/'
 /opt/st/stm32cubeclt_1.15.1/GNU-tools-for-STM32/bin/../lib/gcc/arm-none-eabi/12.3.1/../../../../arm-none-eabi/bin/as -v -march=armv4t -mfloat-abi=soft -meabi=5 -o CMakeFiles/cmTC_e942b.dir/CMakeCXXCompilerABI.cpp.obj /tmp/cckOXxiN.s
GNU assembler version 2.40.0 (arm-none-eabi) using BFD version (GNU Tools for STM32 12.3.rel1.20240306-1730) 2.40.0.20230627
COMPILER_PATH=/opt/st/stm32cubeclt_1.15.1/GNU-tools-for-STM32/bin/../lib/gcc/arm-none-eabi/12.3.1/:/opt/st/stm32cubeclt_1.15.1/GNU-tools-for-STM32/bin/../lib/gcc/:/opt/st/stm32cubeclt_1.15.1/GNU-tools-for-STM32/bin/../lib/gcc/arm-none-eabi/12.3.1/../../../../arm-none-eabi/bin/
LIBRARY_PATH=/opt/st/stm32cubeclt_1.15.1/GNU-tools-for-STM32/bin/../lib/gcc/arm-none-eabi/12.3.1/:/opt/st/stm32cubeclt_1.15.1/GNU-tools-for-STM32/bin/../lib/gcc/:/opt/st/stm32cubeclt_1.15.1/GNU-tools-for-STM32/bin/../lib/gcc/arm-none-eabi/12.3.1/../../../../arm-none-eabi/lib/:/opt/st/stm32cubeclt_1.15.1/GNU-tools-for-STM32/bin/../arm-none-eabi/lib/
COLLECT_GCC_OPTIONS='-fdata-sections' '-ffunction-sections' '-fno-rtti' '-fno-exceptions' '-fno-threadsafe-statics' '-v' '-o' 'CMakeFiles/cmTC_e942b.dir/CMakeCXXCompilerABI.cpp.obj' '-c' '-mcpu=arm7tdmi' '-mfloat-abi=soft' '-marm' '-mlibarch=armv4t' '-march=armv4t' '-dumpdir' 'CMakeFiles/cmTC_e942b.dir/CMakeCXXCompilerABI.cpp.'
Linking CXX static library libcmTC_e942b.a
/usr/bin/cmake -P CMakeFiles/cmTC_e942b.dir/cmake_clean_target.cmake
/usr/bin/cmake -E cmake_link_script CMakeFiles/cmTC_e942b.dir/link.txt --verbose=1
/usr/bin/ar qc libcmTC_e942b.a  CMakeFiles/cmTC_e942b.dir/CMakeCXXCompilerABI.cpp.obj
/usr/bin/ranlib libcmTC_e942b.a
make[1]: Leaving directory '/workspaces/stm32f103c8t6-vscode-project/stm32f103c8t6-project/build/debug/CMakeFiles/CMakeTmp'



Parsed CXX implicit include dir info from above output: rv=done
  found start of include info
  found start of implicit include info
    add: [/opt/st/stm32cubeclt_1.15.1/GNU-tools-for-STM32/bin/../lib/gcc/arm-none-eabi/12.3.1/../../../../arm-none-eabi/include/c++/12.3.1]
    add: [/opt/st/stm32cubeclt_1.15.1/GNU-tools-for-STM32/bin/../lib/gcc/arm-none-eabi/12.3.1/../../../../arm-none-eabi/include/c++/12.3.1/arm-none-eabi]
    add: [/opt/st/stm32cubeclt_1.15.1/GNU-tools-for-STM32/bin/../lib/gcc/arm-none-eabi/12.3.1/../../../../arm-none-eabi/include/c++/12.3.1/backward]
    add: [/opt/st/stm32cubeclt_1.15.1/GNU-tools-for-STM32/bin/../lib/gcc/arm-none-eabi/12.3.1/include]
    add: [/opt/st/stm32cubeclt_1.15.1/GNU-tools-for-STM32/bin/../lib/gcc/arm-none-eabi/12.3.1/include-fixed]
    add: [/opt/st/stm32cubeclt_1.15.1/GNU-tools-for-STM32/bin/../lib/gcc/arm-none-eabi/12.3.1/../../../../arm-none-eabi/include]
  end of search list found
  collapse include dir [/opt/st/stm32cubeclt_1.15.1/GNU-tools-for-STM32/bin/../lib/gcc/arm-none-eabi/12.3.1/../../../../arm-none-eabi/include/c++/12.3.1] ==> [/opt/st/stm32cubeclt_1.15.1/GNU-tools-for-STM32/arm-none-eabi/include/c++/12.3.1]
  collapse include dir [/opt/st/stm32cubeclt_1.15.1/GNU-tools-for-STM32/bin/../lib/gcc/arm-none-eabi/12.3.1/../../../../arm-none-eabi/include/c++/12.3.1/arm-none-eabi] ==> [/opt/st/stm32cubeclt_1.15.1/GNU-tools-for-STM32/arm-none-eabi/include/c++/12.3.1/arm-none-eabi]
  collapse include dir [/opt/st/stm32cubeclt_1.15.1/GNU-tools-for-STM32/bin/../lib/gcc/arm-none-eabi/12.3.1/../../../../arm-none-eabi/include/c++/12.3.1/backward] ==> [/opt/st/stm32cubeclt_1.15.1/GNU-tools-for-STM32/arm-none-eabi/include/c++/12.3.1/backward]
  collapse include dir [/opt/st/stm32cubeclt_1.15.1/GNU-tools-for-STM32/bin/../lib/gcc/arm-none-eabi/12.3.1/include] ==> [/opt/st/stm32cubeclt_1.15.1/GNU-tools-for-STM32/lib/gcc/arm-none-eabi/12.3.1/include]
  collapse include dir [/opt/st/stm32cubeclt_1.15.1/GNU-tools-for-STM32/bin/../lib/gcc/arm-none-eabi/12.3.1/include-fixed] ==> [/opt/st/stm32cubeclt_1.15.1/GNU-tools-for-STM32/lib/gcc/arm-none-eabi/12.3.1/include-fixed]
  collapse include dir [/opt/st/stm32cubeclt_1.15.1/GNU-tools-for-STM32/bin/../lib/gcc/arm-none-eabi/12.3.1/../../../../arm-none-eabi/include] ==> [/opt/st/stm32cubeclt_1.15.1/GNU-tools-for-STM32/arm-none-eabi/include]
  implicit include dirs: [/opt/st/stm32cubeclt_1.15.1/GNU-tools-for-STM32/arm-none-eabi/include/c++/12.3.1;/opt/st/stm32cubeclt_1.15.1/GNU-tools-for-STM32/arm-none-eabi/include/c++/12.3.1/arm-none-eabi;/opt/st/stm32cubeclt_1.15.1/GNU-tools-for-STM32/arm-none-eabi/include/c++/12.3.1/backward;/opt/st/stm32cubeclt_1.15.1/GNU-tools-for-STM32/lib/gcc/arm-none-eabi/12.3.1/include;/opt/st/stm32cubeclt_1.15.1/GNU-tools-for-STM32/lib/gcc/arm-none-eabi/12.3.1/include-fixed;/opt/st/stm32cubeclt_1.15.1/GNU-tools-for-STM32/arm-none-eabi/include]


Parsed CXX implicit link information from above output:
  link line regex: [^( *|.*[/\])(ld|CMAKE_LINK_STARTFILE-NOTFOUND|([^/\]+-)?ld|collect2)[^/\]*( |$)]
  ignore line: [Change Dir: /workspaces/stm32f103c8t6-vscode-project/stm32f103c8t6-project/build/debug/CMakeFiles/CMakeTmp]
  ignore line: []
  ignore line: [Run Build Command(s):/usr/bin/make cmTC_e942b/fast && /usr/bin/make -f CMakeFiles/cmTC_e942b.dir/build.make CMakeFiles/cmTC_e942b.dir/build]
  ignore line: [make[1]: Entering directory '/workspaces/stm32f103c8t6-vscode-project/stm32f103c8t6-project/build/debug/CMakeFiles/CMakeTmp']
  ignore line: [Building CXX object CMakeFiles/cmTC_e942b.dir/CMakeCXXCompilerABI.cpp.obj]
  ignore line: [/opt/st/stm32cubeclt_1.15.1/GNU-tools-for-STM32/bin/arm-none-eabi-g++    -fdata-sections -ffunction-sections -Wl --gc-sections -fno-rtti -fno-exceptions -fno-threadsafe-statics    -v -o CMakeFiles/cmTC_e942b.dir/CMakeCXXCompilerABI.cpp.obj -c /usr/share/cmake-3.16/Modules/CMakeCXXCompilerABI.cpp]
  ignore line: [Using built-in specs.]
  ignore line: [COLLECT_GCC=/opt/st/stm32cubeclt_1.15.1/GNU-tools-for-STM32/bin/arm-none-eabi-g++]
  ignore line: [Target: arm-none-eabi]
  ignore line: [Configured with: /build/gnu-tools-for-stm32_12.3.rel1.20240306-1730/src/gcc/configure --target=arm-none-eabi --prefix=/build/gnu-tools-for-stm32_12.3.rel1.20240306-1730/install-native --libexecdir=/build/gnu-tools-for-stm32_12.3.rel1.20240306-1730/install-native/lib --infodir=/build/gnu-tools-for-stm32_12.3.rel1.20240306-1730/install-native/share/doc/gcc-arm-none-eabi/info --mandir=/build/gnu-tools-for-stm32_12.3.rel1.20240306-1730/install-native/share/doc/gcc-arm-none-eabi/man --htmldir=/build/gnu-tools-for-stm32_12.3.rel1.20240306-1730/install-native/share/doc/gcc-arm-none-eabi/html --pdfdir=/build/gnu-tools-for-stm32_12.3.rel1.20240306-1730/install-native/share/doc/gcc-arm-none-eabi/pdf --enable-languages=c,c++ --enable-plugins --disable-decimal-float --disable-libffi --disable-libgomp --disable-libmudflap --disable-libquadmath --disable-libssp --disable-libstdcxx-pch --disable-nls --disable-shared --disable-threads --disable-tls --with-gnu-as --with-gnu-ld --with-newlib --with-headers=yes --with-python-dir=share/gcc-arm-none-eabi --with-sysroot=/build/gnu-tools-for-stm32_12.3.rel1.20240306-1730/install-native/arm-none-eabi --with-zstd=no --build=x86_64-linux-gnu --host=x86_64-linux-gnu --with-gmp=/build/gnu-tools-for-stm32_12.3.rel1.20240306-1730/build-native/host-libs/usr --with-mpfr=/build/gnu-tools-for-stm32_12.3.rel1.20240306-1730/build-native/host-libs/usr --with-mpc=/build/gnu-tools-for-stm32_12.3.rel1.20240306-1730/build-native/host-libs/usr --with-isl=/build/gnu-tools-for-stm32_12.3.rel1.20240306-1730/build-native/host-libs/usr --with-host-libstdcxx='-static-libgcc -Wl,-Bstatic,-lstdc++,-Bdynamic -lm' --with-pkgversion='GNU Tools for STM32 12.3.rel1.20240306-1730' --with-multilib-list=rmprofile,aprofile]
  ignore line: [Thread model: single]
  ignore line: [Supported LTO compression algorithms: zlib]
  ignore line: [gcc version 12.3.1 20230626 (GNU Tools for STM32 12.3.rel1.20240306-1730) ]
  ignore line: [COLLECT_GCC_OPTIONS='-fdata-sections' '-ffunction-sections' '-fno-rtti' '-fno-exceptions' '-fno-threadsafe-statics' '-v' '-o' 'CMakeFiles/cmTC_e942b.dir/CMakeCXXCompilerABI.cpp.obj' '-c' '-mcpu=arm7tdmi' '-mfloat-abi=soft' '-marm' '-mlibarch=armv4t' '-march=armv4t' '-dumpdir' 'CMakeFiles/cmTC_e942b.dir/']
  ignore line: [ /opt/st/stm32cubeclt_1.15.1/GNU-tools-for-STM32/bin/../lib/gcc/arm-none-eabi/12.3.1/cc1plus -quiet -v -iprefix /opt/st/stm32cubeclt_1.15.1/GNU-tools-for-STM32/bin/../lib/gcc/arm-none-eabi/12.3.1/ -isysroot /opt/st/stm32cubeclt_1.15.1/GNU-tools-for-STM32/bin/../arm-none-eabi -D__USES_INITFINI__ /usr/share/cmake-3.16/Modules/CMakeCXXCompilerABI.cpp -quiet -dumpdir CMakeFiles/cmTC_e942b.dir/ -dumpbase CMakeCXXCompilerABI.cpp.cpp -dumpbase-ext .cpp -mcpu=arm7tdmi -mfloat-abi=soft -marm -mlibarch=armv4t -march=armv4t -version -fdata-sections -ffunction-sections -fno-rtti -fno-exceptions -fno-threadsafe-statics -o /tmp/cckOXxiN.s]
  ignore line: [GNU C++17 (GNU Tools for STM32 12.3.rel1.20240306-1730) version 12.3.1 20230626 (arm-none-eabi)]
  ignore line: [	compiled by GNU C version 7.5.0  GMP version 6.2.1  MPFR version 3.1.6  MPC version 1.0.3  isl version isl-0.15-1-g835ea3a-GMP]
  ignore line: []
  ignore line: [GGC heuristics: --param ggc-min-expand=100 --param ggc-min-heapsize=131072]
  ignore line: [ignoring duplicate directory "/opt/st/stm32cubeclt_1.15.1/GNU-tools-for-STM32/bin/../lib/gcc/../../lib/gcc/arm-none-eabi/12.3.1/../../../../arm-none-eabi/include/c++/12.3.1"]
  ignore line: [ignoring duplicate directory "/opt/st/stm32cubeclt_1.15.1/GNU-tools-for-STM32/bin/../lib/gcc/../../lib/gcc/arm-none-eabi/12.3.1/../../../../arm-none-eabi/include/c++/12.3.1/arm-none-eabi"]
  ignore line: [ignoring duplicate directory "/opt/st/stm32cubeclt_1.15.1/GNU-tools-for-STM32/bin/../lib/gcc/../../lib/gcc/arm-none-eabi/12.3.1/../../../../arm-none-eabi/include/c++/12.3.1/backward"]
  ignore line: [ignoring duplicate directory "/opt/st/stm32cubeclt_1.15.1/GNU-tools-for-STM32/bin/../lib/gcc/../../lib/gcc/arm-none-eabi/12.3.1/include"]
  ignore line: [ignoring nonexistent directory "/opt/st/stm32cubeclt_1.15.1/GNU-tools-for-STM32/bin/../arm-none-eabi/usr/local/include"]
  ignore line: [ignoring duplicate directory "/opt/st/stm32cubeclt_1.15.1/GNU-tools-for-STM32/bin/../lib/gcc/../../lib/gcc/arm-none-eabi/12.3.1/include-fixed"]
  ignore line: [ignoring duplicate directory "/opt/st/stm32cubeclt_1.15.1/GNU-tools-for-STM32/bin/../lib/gcc/../../lib/gcc/arm-none-eabi/12.3.1/../../../../arm-none-eabi/include"]
  ignore line: [ignoring nonexistent directory "/opt/st/stm32cubeclt_1.15.1/GNU-tools-for-STM32/bin/../arm-none-eabi/usr/include"]
  ignore line: [#include "..." search starts here:]
  ignore line: [#include <...> search starts here:]
  ignore line: [ /opt/st/stm32cubeclt_1.15.1/GNU-tools-for-STM32/bin/../lib/gcc/arm-none-eabi/12.3.1/../../../../arm-none-eabi/include/c++/12.3.1]
  ignore line: [ /opt/st/stm32cubeclt_1.15.1/GNU-tools-for-STM32/bin/../lib/gcc/arm-none-eabi/12.3.1/../../../../arm-none-eabi/include/c++/12.3.1/arm-none-eabi]
  ignore line: [ /opt/st/stm32cubeclt_1.15.1/GNU-tools-for-STM32/bin/../lib/gcc/arm-none-eabi/12.3.1/../../../../arm-none-eabi/include/c++/12.3.1/backward]
  ignore line: [ /opt/st/stm32cubeclt_1.15.1/GNU-tools-for-STM32/bin/../lib/gcc/arm-none-eabi/12.3.1/include]
  ignore line: [ /opt/st/stm32cubeclt_1.15.1/GNU-tools-for-STM32/bin/../lib/gcc/arm-none-eabi/12.3.1/include-fixed]
  ignore line: [ /opt/st/stm32cubeclt_1.15.1/GNU-tools-for-STM32/bin/../lib/gcc/arm-none-eabi/12.3.1/../../../../arm-none-eabi/include]
  ignore line: [End of search list.]
  ignore line: [GNU C++17 (GNU Tools for STM32 12.3.rel1.20240306-1730) version 12.3.1 20230626 (arm-none-eabi)]
  ignore line: [	compiled by GNU C version 7.5.0  GMP version 6.2.1  MPFR version 3.1.6  MPC version 1.0.3  isl version isl-0.15-1-g835ea3a-GMP]
  ignore line: []
  ignore line: [GGC heuristics: --param ggc-min-expand=100 --param ggc-min-heapsize=131072]
  ignore line: [Compiler executable checksum: 8405ef6b34366b08252632b79fa45f4b]
  ignore line: [COLLECT_GCC_OPTIONS='-fdata-sections' '-ffunction-sections' '-fno-rtti' '-fno-exceptions' '-fno-threadsafe-statics' '-v' '-o' 'CMakeFiles/cmTC_e942b.dir/CMakeCXXCompilerABI.cpp.obj' '-c' '-mcpu=arm7tdmi' '-mfloat-abi=soft' '-marm' '-mlibarch=armv4t' '-march=armv4t' '-dumpdir' 'CMakeFiles/cmTC_e942b.dir/']
  ignore line: [ /opt/st/stm32cubeclt_1.15.1/GNU-tools-for-STM32/bin/../lib/gcc/arm-none-eabi/12.3.1/../../../../arm-none-eabi/bin/as -v -march=armv4t -mfloat-abi=soft -meabi=5 -o CMakeFiles/cmTC_e942b.dir/CMakeCXXCompilerABI.cpp.obj /tmp/cckOXxiN.s]
  ignore line: [GNU assembler version 2.40.0 (arm-none-eabi) using BFD version (GNU Tools for STM32 12.3.rel1.20240306-1730) 2.40.0.20230627]
  ignore line: [COMPILER_PATH=/opt/st/stm32cubeclt_1.15.1/GNU-tools-for-STM32/bin/../lib/gcc/arm-none-eabi/12.3.1/:/opt/st/stm32cubeclt_1.15.1/GNU-tools-for-STM32/bin/../lib/gcc/:/opt/st/stm32cubeclt_1.15.1/GNU-tools-for-STM32/bin/../lib/gcc/arm-none-eabi/12.3.1/../../../../arm-none-eabi/bin/]
  ignore line: [LIBRARY_PATH=/opt/st/stm32cubeclt_1.15.1/GNU-tools-for-STM32/bin/../lib/gcc/arm-none-eabi/12.3.1/:/opt/st/stm32cubeclt_1.15.1/GNU-tools-for-STM32/bin/../lib/gcc/:/opt/st/stm32cubeclt_1.15.1/GNU-tools-for-STM32/bin/../lib/gcc/arm-none-eabi/12.3.1/../../../../arm-none-eabi/lib/:/opt/st/stm32cubeclt_1.15.1/GNU-tools-for-STM32/bin/../arm-none-eabi/lib/]
  ignore line: [COLLECT_GCC_OPTIONS='-fdata-sections' '-ffunction-sections' '-fno-rtti' '-fno-exceptions' '-fno-threadsafe-statics' '-v' '-o' 'CMakeFiles/cmTC_e942b.dir/CMakeCXXCompilerABI.cpp.obj' '-c' '-mcpu=arm7tdmi' '-mfloat-abi=soft' '-marm' '-mlibarch=armv4t' '-march=armv4t' '-dumpdir' 'CMakeFiles/cmTC_e942b.dir/CMakeCXXCompilerABI.cpp.']
  ignore line: [Linking CXX static library libcmTC_e942b.a]
  ignore line: [/usr/bin/cmake -P CMakeFiles/cmTC_e942b.dir/cmake_clean_target.cmake]
  ignore line: [/usr/bin/cmake -E cmake_link_script CMakeFiles/cmTC_e942b.dir/link.txt --verbose=1]
  ignore line: [/usr/bin/ar qc libcmTC_e942b.a  CMakeFiles/cmTC_e942b.dir/CMakeCXXCompilerABI.cpp.obj]
  ignore line: [/usr/bin/ranlib libcmTC_e942b.a]
  ignore line: [make[1]: Leaving directory '/workspaces/stm32f103c8t6-vscode-project/stm32f103c8t6-project/build/debug/CMakeFiles/CMakeTmp']
  ignore line: []
  ignore line: []
  implicit libs: []
  implicit dirs: []
  implicit fwks: []


Checking whether the ASM compiler is GNU using "--version" matched "(GNU assembler)|(GCC)|(Free Software Foundation)":
arm-none-eabi-gcc (GNU Tools for STM32 12.3.rel1.20240306-1730) 12.3.1 20230626
Copyright (C) 2022 Free Software Foundation, Inc.
This is free software; see the source for copying conditions.  There is NO
warranty; not even for MERCHANTABILITY or FITNESS FOR A PARTICULAR PURPOSE.

